[2026-06-14 12:27:33] [cache] MISS
[2026-06-14 12:27:33] [pipeline] tentativa 1
[2026-06-14 12:29:33] [planner] erro ao gerar plano
[2026-06-14 12:29:34] [pipeline] falhou (120.67s)
[2026-06-14 12:37:31] [cache] MISS
[2026-06-14 12:37:31] [pipeline] tentativa 1
[2026-06-14 12:42:09] [pipeline] erro: 'NoneType' object has no attribute 'get'
[2026-06-14 12:42:09] [pipeline] falhou (277.49s)
[2026-06-14 14:24:02] [cache] MISS
[2026-06-14 14:24:02] [pipeline] tentativa 1
[2026-06-14 14:26:12] [pipeline] erro: 'NoneType' object has no attribute 'get'
[2026-06-14 14:26:12] [pipeline] falhou (130.0s)
[2026-06-14 14:38:46] [cache] MISS
[2026-06-14 14:38:46] [pipeline] tentativa 1
[2026-06-14 14:42:07] [pipeline] erro: 'NoneType' object has no attribute 'get'
[2026-06-14 14:42:07] [pipeline] falhou (200.65s)
[2026-06-14 14:46:40] [cache] MISS
[2026-06-14 14:46:40] [pipeline] tentativa 1
[2026-06-14 14:54:05] [pipeline] erro: 'NoneType' object has no attribute 'get'
[2026-06-14 14:54:05] [pipeline] falhou (445.08s)
[2026-06-14 15:18:55] [cache] MISS
[2026-06-14 15:18:55] [pipeline] tentativa 1
[2026-06-14 15:20:56] [planner] erro ao gerar plano
[2026-06-14 15:20:56] [pipeline] falhou (120.45s)
